<?xml version="1.0" encoding="UTF-8"?>
<!-- Generated by org.testng.reporters.JUnitReportReporter -->
<testsuite skipped="0" hostname="ILPT2556" name="SumValidationTest" tests="1" failures="0" timestamp="25 Oct 2020 10:55:37 GMT" time="0.761" errors="0">
  <testcase name="SumValidation" time="0.761" classname="SumValidationTest"/>
</testsuite> <!-- SumValidationTest -->
