<?xml version="1.0" encoding="UTF-8"?>
<!-- Generated by org.testng.reporters.JUnitReportReporter -->
<testsuite skipped="0" hostname="ILPT2556" name="JiraIssues" tests="1" failures="0" timestamp="28 Oct 2020 14:00:19 GMT" time="1.599" errors="0">
  <testcase name="CreateAndEditIssue" time="1.599" classname="JiraIssues"/>
</testsuite> <!-- JiraIssues -->
