<?xml version="1.0" encoding="UTF-8"?>
<!-- Generated by org.testng.reporters.JUnitReportReporter -->
<testsuite skipped="0" hostname="ILPT2556" name="DynamicJson" tests="3" failures="0" timestamp="26 Oct 2020 13:54:22 GMT" time="1.601" errors="0">
  <testcase name="AddBook" time="0.155" classname="DynamicJson"/>
  <testcase name="AddBook" time="0.154" classname="DynamicJson"/>
  <testcase name="AddBook" time="1.292" classname="DynamicJson"/>
</testsuite> <!-- DynamicJson -->
